Arguments: 
  C:\Program Files\nodejs\node.exe C:\Users\hp\.node\corepack\yarn\1.22.11\bin\yarn.js add boorstrap

PATH: 
  C:\ProgramData\Oracle\Java\javapath;C:\Program Files (x86)\VMware\VMware Workstation\bin\;C:\Windows\System32\WindowsPowerShell\v1.0;C:\Windows\System32;C:\Program Files\dotnet\;C:\Program Files\nodejs;C:\Users\hp\AppData\Local\Microsoft\WindowsApps;C:\Users\hp\AppData\Local\Programs\oh-my-posh\bin;C:\Users\hp\WebstormProjects\REACT-W-Yrn-pk-DJANGO\node_modules\.bin

Yarn version: 
  1.22.11

Node version: 
  16.15.1

Platform: 
  win32 x64

Trace: 
  Error: https://registry.yarnpkg.com/boorstrap: Not found
      at Request.params.callback [as _callback] (C:\Users\hp\.node\corepack\yarn\1.22.11\lib\cli.js:66992:18)
      at Request.self.callback (C:\Users\hp\.node\corepack\yarn\1.22.11\lib\cli.js:140763:22)
      at Request.emit (node:events:527:28)
      at Request.<anonymous> (C:\Users\hp\.node\corepack\yarn\1.22.11\lib\cli.js:141735:10)
      at Request.emit (node:events:527:28)
      at IncomingMessage.<anonymous> (C:\Users\hp\.node\corepack\yarn\1.22.11\lib\cli.js:141657:12)
      at Object.onceWrapper (node:events:641:28)
      at IncomingMessage.emit (node:events:539:35)
      at endReadableNT (node:internal/streams/readable:1345:12)
      at processTicksAndRejections (node:internal/process/task_queues:83:21)

npm manifest: 
  {
    "dependencies": {
      "react-router-dom": "^6.6.1"
    }
  }

yarn manifest: 
  No manifest

Lockfile: 
  # THIS IS AN AUTOGENERATED FILE. DO NOT EDIT THIS FILE DIRECTLY.
  # yarn lockfile v1
  
  
  "@remix-run/router@1.2.1":
    version "1.2.1"
    resolved "https://registry.yarnpkg.com/@remix-run/router/-/router-1.2.1.tgz#812edd4104a15a493dda1ccac0b352270d7a188c"
    integrity sha512-XiY0IsyHR+DXYS5vBxpoBe/8veTeoRpMHP+vDosLZxL5bnpetzI0igkxkLZS235ldLzyfkxF+2divEwWHP3vMQ==
  
  react-router-dom@^6.6.1:
    version "6.6.1"
    resolved "https://registry.yarnpkg.com/react-router-dom/-/react-router-dom-6.6.1.tgz#1b96ec0b2cefa7319f1251383ea5b41295ee260d"
    integrity sha512-u+8BKUtelStKbZD5UcY0NY90WOzktrkJJhyhNg7L0APn9t1qJNLowzrM9CHdpB6+rcPt6qQrlkIXsTvhuXP68g==
    dependencies:
      "@remix-run/router" "1.2.1"
      react-router "6.6.1"
  
  react-router@6.6.1:
    version "6.6.1"
    resolved "https://registry.yarnpkg.com/react-router/-/react-router-6.6.1.tgz#17de6cf285f2d1c9721a3afca999c984e5558854"
    integrity sha512-YkvlYRusnI/IN0kDtosUCgxqHeulN5je+ew8W+iA1VvFhf86kA+JEI/X/8NqYcr11hCDDp906S+SGMpBheNeYQ==
    dependencies:
      "@remix-run/router" "1.2.1"
